Flow report for nios_project
Mon Apr 23 19:16:18 2018
Quartus II 64-Bit Version 15.0.0 Build 145 04/22/2015 SJ Web Edition


---------------------
; Table of Contents ;
---------------------
  1. Legal Notice
  2. Flow Summary
  3. Flow Settings
  4. Flow Non-Default Global Settings
  5. Flow Elapsed Time
  6. Flow OS Summary
  7. Flow Log
  8. Flow Messages
  9. Flow Suppressed Messages



----------------
; Legal Notice ;
----------------
Copyright (C) 1991-2015 Altera Corporation. All rights reserved.
Your use of Altera Corporation's design tools, logic functions 
and other software and tools, and its AMPP partner logic 
functions, and any output files from any of the foregoing 
(including device programming or simulation files), and any 
associated documentation or information are expressly subject 
to the terms and conditions of the Altera Program License 
Subscription Agreement, the Altera Quartus II License Agreement,
the Altera MegaCore Function License Agreement, or other 
applicable license agreement, including, without limitation, 
that your use is for the sole purpose of programming logic 
devices manufactured by Altera and sold by Altera or its 
authorized distributors.  Please refer to the applicable 
agreement for further details.



+---------------------------------------------------------------------------------+
; Flow Summary                                                                    ;
+------------------------------------+--------------------------------------------+
; Flow Status                        ; Successful - Mon Apr 23 19:16:18 2018      ;
; Quartus II 64-Bit Version          ; 15.0.0 Build 145 04/22/2015 SJ Web Edition ;
; Revision Name                      ; nios_project                               ;
; Top-level Entity Name              ; top_nios_project                           ;
; Family                             ; Cyclone IV E                               ;
; Device                             ; EP4CE22F17C8                               ;
; Timing Models                      ; Final                                      ;
; Total logic elements               ; 1,663 / 22,320 ( 7 % )                     ;
;     Total combinational functions  ; 1,562 / 22,320 ( 7 % )                     ;
;     Dedicated logic registers      ; 896 / 22,320 ( 4 % )                       ;
; Total registers                    ; 896                                        ;
; Total pins                         ; 6 / 154 ( 4 % )                            ;
; Total virtual pins                 ; 0                                          ;
; Total memory bits                  ; 273,408 / 608,256 ( 45 % )                 ;
; Embedded Multiplier 9-bit elements ; 0 / 132 ( 0 % )                            ;
; Total PLLs                         ; 0 / 4 ( 0 % )                              ;
+------------------------------------+--------------------------------------------+


+-----------------------------------------+
; Flow Settings                           ;
+-------------------+---------------------+
; Option            ; Setting             ;
+-------------------+---------------------+
; Start date & time ; 04/23/2018 19:15:06 ;
; Main task         ; Compilation         ;
; Revision Name     ; nios_project        ;
+-------------------+---------------------+


+----------------------------------------------------------------------------------------------------------------------------------------------------------+
; Flow Non-Default Global Settings                                                                                                                         ;
+-------------------------------------+----------------------------------------------------------------+---------------+------------------+----------------+
; Assignment Name                     ; Value                                                          ; Default Value ; Entity Name      ; Section Id     ;
+-------------------------------------+----------------------------------------------------------------+---------------+------------------+----------------+
; COMPILER_SIGNATURE_ID               ; 0.152452170605811                                              ; --            ; --               ; --             ;
; EDA_OUTPUT_DATA_FORMAT              ; Verilog Hdl                                                    ; --            ; --               ; eda_simulation ;
; EDA_SIMULATION_TOOL                 ; ModelSim-Altera (Verilog)                                      ; <None>        ; --               ; --             ;
; MAX_CORE_JUNCTION_TEMP              ; 85                                                             ; --            ; --               ; --             ;
; MIN_CORE_JUNCTION_TEMP              ; 0                                                              ; --            ; --               ; --             ;
; MISC_FILE                           ; nios_project/synthesis/../nios_project.cmp                     ; --            ; --               ; --             ;
; MISC_FILE                           ; nios_project/synthesis/../../nios_project.qsys                 ; --            ; --               ; --             ;
; NOMINAL_CORE_SUPPLY_VOLTAGE         ; 1.2V                                                           ; --            ; --               ; --             ;
; PARTITION_COLOR                     ; 16764057                                                       ; --            ; top_nios_project ; Top            ;
; PARTITION_FITTER_PRESERVATION_LEVEL ; PLACEMENT_AND_ROUTING                                          ; --            ; top_nios_project ; Top            ;
; PARTITION_NETLIST_TYPE              ; SOURCE                                                         ; --            ; top_nios_project ; Top            ;
; POWER_BOARD_THERMAL_MODEL           ; None (CONSERVATIVE)                                            ; --            ; --               ; --             ;
; POWER_PRESET_COOLING_SOLUTION       ; 23 MM HEAT SINK WITH 200 LFPM AIRFLOW                          ; --            ; --               ; --             ;
; PROJECT_OUTPUT_DIRECTORY            ; output_files                                                   ; --            ; --               ; --             ;
; SLD_FILE                            ; nios_project/synthesis/nios_project.regmap                     ; --            ; --               ; --             ;
; SLD_FILE                            ; nios_project/synthesis/nios_project.debuginfo                  ; --            ; --               ; --             ;
; SLD_INFO                            ; QSYS_NAME nios_project HAS_SOPCINFO 1 GENERATION_ID 1524520979 ; --            ; --               ; --             ;
; SOPCINFO_FILE                       ; nios_project/synthesis/../../nios_project.sopcinfo             ; --            ; --               ; --             ;
; SYNTHESIS_ONLY_QIP                  ; On                                                             ; --            ; --               ; --             ;
; TOP_LEVEL_ENTITY                    ; top_nios_project                                               ; nios_project  ; --               ; --             ;
+-------------------------------------+----------------------------------------------------------------+---------------+------------------+----------------+


+-------------------------------------------------------------------------------------------------------------------------------+
; Flow Elapsed Time                                                                                                             ;
+---------------------------+--------------+-------------------------+---------------------+------------------------------------+
; Module Name               ; Elapsed Time ; Average Processors Used ; Peak Virtual Memory ; Total CPU Time (on all processors) ;
+---------------------------+--------------+-------------------------+---------------------+------------------------------------+
; Analysis & Synthesis      ; 00:00:38     ; 1.0                     ; 1121 MB             ; 00:01:19                           ;
; Fitter                    ; 00:00:14     ; 1.0                     ; 1156 MB             ; 00:00:14                           ;
; Assembler                 ; 00:00:02     ; 1.0                     ; 847 MB              ; 00:00:02                           ;
; TimeQuest Timing Analyzer ; 00:00:04     ; 1.0                     ; 896 MB              ; 00:00:04                           ;
; EDA Netlist Writer        ; 00:00:04     ; 1.0                     ; 1116 MB             ; 00:00:04                           ;
; Total                     ; 00:01:02     ; --                      ; --                  ; 00:01:43                           ;
+---------------------------+--------------+-------------------------+---------------------+------------------------------------+


+---------------------------------------------------------------------------------------------+
; Flow OS Summary                                                                             ;
+---------------------------+------------------+----------------+------------+----------------+
; Module Name               ; Machine Hostname ; OS Name        ; OS Version ; Processor type ;
+---------------------------+------------------+----------------+------------+----------------+
; Analysis & Synthesis      ; guiga-PC         ; Ubuntu 16.04.4 ; 16         ; x86_64         ;
; Fitter                    ; guiga-PC         ; Ubuntu 16.04.4 ; 16         ; x86_64         ;
; Assembler                 ; guiga-PC         ; Ubuntu 16.04.4 ; 16         ; x86_64         ;
; TimeQuest Timing Analyzer ; guiga-PC         ; Ubuntu 16.04.4 ; 16         ; x86_64         ;
; EDA Netlist Writer        ; guiga-PC         ; Ubuntu 16.04.4 ; 16         ; x86_64         ;
+---------------------------+------------------+----------------+------------+----------------+


------------
; Flow Log ;
------------
quartus_map --read_settings_files=on --write_settings_files=off nios_project -c nios_project
quartus_fit --read_settings_files=off --write_settings_files=off nios_project -c nios_project
quartus_asm --read_settings_files=off --write_settings_files=off nios_project -c nios_project
quartus_sta nios_project -c nios_project
quartus_eda --read_settings_files=off --write_settings_files=off nios_project -c nios_project



